[1.375s] Invoking command in '/home/lidia/ros2_ws/src/turtlebot3_teleop': PYTHONPATH=/home/lidia/ros2_ws/build/turtlebot3_teleop/prefix_override:/home/lidia/ros2_ws/install/turtlebot3_teleop/lib/python3.10/site-packages:${PYTHONPATH} /usr/bin/python3 -W ignore:setup.py install is deprecated setup.py egg_info --egg-base ../../build/turtlebot3_teleop build --build-base /home/lidia/ros2_ws/build/turtlebot3_teleop/build install --record /home/lidia/ros2_ws/build/turtlebot3_teleop/install.log --single-version-externally-managed
[1.863s] running egg_info
[1.865s] writing ../../build/turtlebot3_teleop/turtlebot3_teleop.egg-info/PKG-INFO
[1.865s] writing dependency_links to ../../build/turtlebot3_teleop/turtlebot3_teleop.egg-info/dependency_links.txt
[1.866s] writing entry points to ../../build/turtlebot3_teleop/turtlebot3_teleop.egg-info/entry_points.txt
[1.866s] writing requirements to ../../build/turtlebot3_teleop/turtlebot3_teleop.egg-info/requires.txt
[1.866s] writing top-level names to ../../build/turtlebot3_teleop/turtlebot3_teleop.egg-info/top_level.txt
[1.872s] reading manifest file '../../build/turtlebot3_teleop/turtlebot3_teleop.egg-info/SOURCES.txt'
[1.873s] writing manifest file '../../build/turtlebot3_teleop/turtlebot3_teleop.egg-info/SOURCES.txt'
[1.874s] running build
[1.874s] running build_py
[1.874s] copying turtlebot3_teleop/teleop_node.py -> /home/lidia/ros2_ws/build/turtlebot3_teleop/build/lib/turtlebot3_teleop
[1.874s] copying turtlebot3_teleop/turtlebot_controller.py -> /home/lidia/ros2_ws/build/turtlebot3_teleop/build/lib/turtlebot3_teleop
[1.875s] running install
[1.876s] running install_lib
[1.877s] copying /home/lidia/ros2_ws/build/turtlebot3_teleop/build/lib/turtlebot3_teleop/turtlebot_controller.py -> /home/lidia/ros2_ws/install/turtlebot3_teleop/lib/python3.10/site-packages/turtlebot3_teleop
[1.878s] copying /home/lidia/ros2_ws/build/turtlebot3_teleop/build/lib/turtlebot3_teleop/teleop_node.py -> /home/lidia/ros2_ws/install/turtlebot3_teleop/lib/python3.10/site-packages/turtlebot3_teleop
[1.879s] byte-compiling /home/lidia/ros2_ws/install/turtlebot3_teleop/lib/python3.10/site-packages/turtlebot3_teleop/turtlebot_controller.py to turtlebot_controller.cpython-310.pyc
[1.880s] byte-compiling /home/lidia/ros2_ws/install/turtlebot3_teleop/lib/python3.10/site-packages/turtlebot3_teleop/teleop_node.py to teleop_node.cpython-310.pyc
[1.881s] running install_egg_info
[1.886s] removing '/home/lidia/ros2_ws/install/turtlebot3_teleop/lib/python3.10/site-packages/turtlebot3_teleop-0.0.0-py3.10.egg-info' (and everything under it)
[1.886s] Copying ../../build/turtlebot3_teleop/turtlebot3_teleop.egg-info to /home/lidia/ros2_ws/install/turtlebot3_teleop/lib/python3.10/site-packages/turtlebot3_teleop-0.0.0-py3.10.egg-info
[1.888s] running install_scripts
[1.931s] Installing teleop_node script to /home/lidia/ros2_ws/install/turtlebot3_teleop/lib/turtlebot3_teleop
[1.931s] Installing turtlebot_controller script to /home/lidia/ros2_ws/install/turtlebot3_teleop/lib/turtlebot3_teleop
[1.931s] writing list of installed files to '/home/lidia/ros2_ws/build/turtlebot3_teleop/install.log'
[1.996s] Invoked command in '/home/lidia/ros2_ws/src/turtlebot3_teleop' returned '0': PYTHONPATH=/home/lidia/ros2_ws/build/turtlebot3_teleop/prefix_override:/home/lidia/ros2_ws/install/turtlebot3_teleop/lib/python3.10/site-packages:${PYTHONPATH} /usr/bin/python3 -W ignore:setup.py install is deprecated setup.py egg_info --egg-base ../../build/turtlebot3_teleop build --build-base /home/lidia/ros2_ws/build/turtlebot3_teleop/build install --record /home/lidia/ros2_ws/build/turtlebot3_teleop/install.log --single-version-externally-managed
