[0.810s] Invoking command in '/home/lidia/ros2_ws/src/turtlebot3_teleop': PYTHONPATH=/home/lidia/ros2_ws/build/turtlebot3_teleop/prefix_override:/home/lidia/ros2_ws/install/turtlebot3_teleop/lib/python3.10/site-packages:${PYTHONPATH} /usr/bin/python3 -W ignore:setup.py install is deprecated setup.py egg_info --egg-base ../../build/turtlebot3_teleop build --build-base /home/lidia/ros2_ws/build/turtlebot3_teleop/build install --record /home/lidia/ros2_ws/build/turtlebot3_teleop/install.log --single-version-externally-managed
[1.115s] running egg_info
[1.115s] writing ../../build/turtlebot3_teleop/turtlebot3_teleop.egg-info/PKG-INFO
[1.116s] writing dependency_links to ../../build/turtlebot3_teleop/turtlebot3_teleop.egg-info/dependency_links.txt
[1.116s] writing entry points to ../../build/turtlebot3_teleop/turtlebot3_teleop.egg-info/entry_points.txt
[1.116s] writing requirements to ../../build/turtlebot3_teleop/turtlebot3_teleop.egg-info/requires.txt
[1.116s] writing top-level names to ../../build/turtlebot3_teleop/turtlebot3_teleop.egg-info/top_level.txt
[1.119s] reading manifest file '../../build/turtlebot3_teleop/turtlebot3_teleop.egg-info/SOURCES.txt'
[1.120s] writing manifest file '../../build/turtlebot3_teleop/turtlebot3_teleop.egg-info/SOURCES.txt'
[1.120s] running build
[1.120s] running build_py
[1.120s] copying turtlebot3_teleop/teleop_node.py -> /home/lidia/ros2_ws/build/turtlebot3_teleop/build/lib/turtlebot3_teleop
[1.121s] running install
[1.121s] running install_lib
[1.122s] copying /home/lidia/ros2_ws/build/turtlebot3_teleop/build/lib/turtlebot3_teleop/teleop_node.py -> /home/lidia/ros2_ws/install/turtlebot3_teleop/lib/python3.10/site-packages/turtlebot3_teleop
[1.123s] byte-compiling /home/lidia/ros2_ws/install/turtlebot3_teleop/lib/python3.10/site-packages/turtlebot3_teleop/teleop_node.py to teleop_node.cpython-310.pyc
[1.124s] running install_egg_info
[1.126s] removing '/home/lidia/ros2_ws/install/turtlebot3_teleop/lib/python3.10/site-packages/turtlebot3_teleop-0.0.0-py3.10.egg-info' (and everything under it)
[1.127s] Copying ../../build/turtlebot3_teleop/turtlebot3_teleop.egg-info to /home/lidia/ros2_ws/install/turtlebot3_teleop/lib/python3.10/site-packages/turtlebot3_teleop-0.0.0-py3.10.egg-info
[1.128s] running install_scripts
[1.155s] Installing teleop_node script to /home/lidia/ros2_ws/install/turtlebot3_teleop/lib/turtlebot3_teleop
[1.155s] Installing turtlebot_controller script to /home/lidia/ros2_ws/install/turtlebot3_teleop/lib/turtlebot3_teleop
[1.155s] writing list of installed files to '/home/lidia/ros2_ws/build/turtlebot3_teleop/install.log'
[1.186s] Invoked command in '/home/lidia/ros2_ws/src/turtlebot3_teleop' returned '0': PYTHONPATH=/home/lidia/ros2_ws/build/turtlebot3_teleop/prefix_override:/home/lidia/ros2_ws/install/turtlebot3_teleop/lib/python3.10/site-packages:${PYTHONPATH} /usr/bin/python3 -W ignore:setup.py install is deprecated setup.py egg_info --egg-base ../../build/turtlebot3_teleop build --build-base /home/lidia/ros2_ws/build/turtlebot3_teleop/build install --record /home/lidia/ros2_ws/build/turtlebot3_teleop/install.log --single-version-externally-managed
